<testsuites id="" name="" tests="3" failures="0" skipped="0" errors="0" time="14.677912000000001">
<testsuite name="e2e-qubika.spec.ts" timestamp="2025-08-16T05:31:16.428Z" hostname="chromium" tests="3" failures="0" skipped="0" time="12.053" errors="0">
<testcase name="End-to-End: Qubika Sports Club Management › Complete E2E flow using API and UI" classname="e2e-qubika.spec.ts" time="11.72">
</testcase>
<testcase name="End-to-End: Qubika Sports Club Management › Test de ejemplo para git." classname="e2e-qubika.spec.ts" time="0.184">
<system-out>
<![CDATA[Test que da cambios para git.
]]>
</system-out>
</testcase>
<testcase name="End-to-End: Qubika Sports Club Management › Test de ejemplo para git DESPUES DEL CI PIPELINE." classname="e2e-qubika.spec.ts" time="0.149">
<system-out>
<![CDATA[Test que da cambios para el CI PIPELINE.
]]>
</system-out>
</testcase>
</testsuite>
</testsuites>